Arguments: 
  C:\Program Files\nodejs\node.exe C:\Users\T540P\AppData\Roaming\npm\node_modules\yarn\bin\yarn.js add oracledb dontenv express

PATH: 
  C:\Users\T540P\bin;C:\Program Files\Git\mingw64\bin;C:\Program Files\Git\usr\local\bin;C:\Program Files\Git\usr\bin;C:\Program Files\Git\usr\bin;C:\Program Files\Git\mingw64\bin;C:\Program Files\Git\usr\bin;C:\Users\T540P\bin;C:\app\T540P\virtual\product\12.2.0\dbhome_1\bin;C:\Program Files (x86)\Common Files\Oracle\Java\javapath;C:\Program Files\Docker\Docker\Resources\bin;C:\ProgramData\Oracle\Java\javapath;C:\Python27;C:\Python27\Scripts;C:\Windows\system32;C:\Windows;C:\Windows\System32\Wbem;C:\Windows\System32\WindowsPowerShell\v1.0;C:\Windows\System32\OpenSSH;C:\Program Files (x86)\Google\Cloud SDK\google-cloud-sdk\bin;C:\Program Files (x86)\WinSCP;C:\Users\T540P\AppData\Roaming\nvm;C:\Program Files\nodejs;C:\xampp\php;C:\ProgramData\ComposerSetup\bin;C:\xampp\mysql\bin;C:\Users\T540P\AppData\Local\Android\Sdk\platform-tools;C:\Users\T540P\AppData\Local\Android\Sdk\emulator;C:\Program Files\Git\cmd;C:\Program Files\Git\mingw64\bin;C:\Program Files\Git\usr\bin;C:\Users\T540P\AppData\Local\Yarn\bin;C:\Go\bin;C:\Program Files\MongoDB\Server\4.0\bin;C:\Program Files\PuTTY;C:\oracle\client;C:\Program Files\PostgreSQL\11\bin;C:\Program Files (x86)\Java\jdk1.8.0_102\bin;C:\RailsInstaller\Git\cmd;C:\RailsInstaller\Ruby2.3.3\bin;C:\Users\T540P\AppData\Local\Programs\Python\Python37-32\Scripts;C:\Users\T540P\AppData\Local\Programs\Python\Python37-32;C:\Users\T540P\AppData\Local\Microsoft\WindowsApps;C:\Users\T540P\AppData\Roaming\npm;C:\Microsoft VS Code\bin;C:\Program Files\heroku\bin;C:\Python27;C:\Python27\Scripts;C:\Users\T540P\AppData\Roaming\nvm;C:\Program Files\nodejs;C:\Users\T540P\AppData\Roaming\Composer\vendor\bin;C:\xampp\mysql\bin;C:\Users\T540P\AppData\Local\Android\Sdk\platform-tools;C:\Users\T540P\AppData\Local\atom\bin;C:\Users\T540P\AppData\Local\Android\Sdk\emulator;C:\Users\T540P\AppData\Local\Yarn\bin;C:\Users\T540P\go\bin;C:\Program Files\MongoDB\Server\4.0\bin;C:\Users\T540P\.sourcerer\sourcerer;C:\oracle\client;C:\Program Files\PostgreSQL\11\bin;C:\Program Files (x86)\Java\jdk1.8.0_102\bin;C:\Program Files\Git\usr\bin\vendor_perl;C:\Program Files\Git\usr\bin\core_perl

Yarn version: 
  1.13.0

Node version: 
  8.11.4

Platform: 
  win32 x64

Trace: 
  Error: https://registry.yarnpkg.com/dontenv: Not found
      at Request.params.callback [as _callback] (C:\Users\T540P\AppData\Roaming\npm\node_modules\yarn\lib\cli.js:66255:18)
      at Request.self.callback (C:\Users\T540P\AppData\Roaming\npm\node_modules\yarn\lib\cli.js:129397:22)
      at emitTwo (events.js:126:13)
      at Request.emit (events.js:214:7)
      at Request.<anonymous> (C:\Users\T540P\AppData\Roaming\npm\node_modules\yarn\lib\cli.js:130369:10)
      at emitOne (events.js:116:13)
      at Request.emit (events.js:211:7)
      at IncomingMessage.<anonymous> (C:\Users\T540P\AppData\Roaming\npm\node_modules\yarn\lib\cli.js:130291:12)
      at Object.onceWrapper (events.js:313:30)
      at emitNone (events.js:111:20)

npm manifest: 
  {
    "name": "v-reporting",
    "version": "1.0.0",
    "main": "index.js",
    "license": "MIT"
  }

yarn manifest: 
  No manifest

Lockfile: 
  No lockfile
